2020-08-09 17:41:33 | [INFO]    | Discordia 2.8.3
2020-08-09 17:41:33 | [INFO]    | Connecting to Discord...
2020-08-09 17:41:33 | [INFO]    | Authenticated as Overwatch Hero Gen#7739
2020-08-09 17:41:33 | [INFO]    | Launching shard 0 (1 out of 1)...
2020-08-09 17:41:33 | [INFO]    | Shard 0 : Connected to wss://gateway.discord.gg
2020-08-09 17:41:33 | [INFO]    | Shard 0 : Received HELLO
2020-08-09 17:41:34 | [INFO]    | Shard 0 : Received READY
2020-08-09 17:41:47 | [INFO]    | Discordia 2.8.3
2020-08-09 17:41:47 | [INFO]    | Connecting to Discord...
2020-08-09 17:41:47 | [INFO]    | Authenticated as Overwatch Hero Gen#7739
2020-08-09 17:41:47 | [INFO]    | Launching shard 0 (1 out of 1)...
2020-08-09 17:41:48 | [INFO]    | Shard 0 : Connected to wss://gateway.discord.gg
2020-08-09 17:41:48 | [INFO]    | Shard 0 : Received HELLO
2020-08-09 17:41:48 | [INFO]    | Shard 0 : Received READY
2020-08-09 17:46:42 | [INFO]    | Discordia 2.8.3
2020-08-09 17:46:42 | [INFO]    | Connecting to Discord...
2020-08-09 17:46:42 | [INFO]    | Authenticated as Overwatch Hero Gen#7739
2020-08-09 17:46:42 | [INFO]    | Launching shard 0 (1 out of 1)...
2020-08-09 17:46:42 | [INFO]    | Shard 0 : Connected to wss://gateway.discord.gg
2020-08-09 17:46:42 | [INFO]    | Shard 0 : Received HELLO
2020-08-09 17:46:42 | [INFO]    | Shard 0 : Received READY
2020-08-09 17:47:46 | [INFO]    | Discordia 2.8.3
2020-08-09 17:47:46 | [INFO]    | Connecting to Discord...
2020-08-09 17:47:46 | [INFO]    | Authenticated as Overwatch Hero Gen#7739
2020-08-09 17:47:46 | [INFO]    | Launching shard 0 (1 out of 1)...
2020-08-09 17:47:46 | [INFO]    | Shard 0 : Connected to wss://gateway.discord.gg
2020-08-09 17:47:46 | [INFO]    | Shard 0 : Received HELLO
2020-08-09 17:47:46 | [INFO]    | Shard 0 : Received READY
2020-08-09 17:48:25 | [INFO]    | Discordia 2.8.3
2020-08-09 17:48:25 | [INFO]    | Connecting to Discord...
2020-08-09 17:48:25 | [INFO]    | Authenticated as Overwatch Hero Gen#7739
2020-08-09 17:48:25 | [INFO]    | Launching shard 0 (1 out of 1)...
2020-08-09 17:48:25 | [INFO]    | Shard 0 : Connected to wss://gateway.discord.gg
2020-08-09 17:48:25 | [INFO]    | Shard 0 : Received HELLO
2020-08-09 17:48:25 | [INFO]    | Shard 0 : Received READY
2020-08-09 17:51:07 | [INFO]    | Discordia 2.8.3
2020-08-09 17:51:07 | [INFO]    | Connecting to Discord...
2020-08-09 17:51:07 | [INFO]    | Authenticated as Overwatch Hero Gen#7739
2020-08-09 17:51:07 | [INFO]    | Launching shard 0 (1 out of 1)...
2020-08-09 17:51:07 | [INFO]    | Shard 0 : Connected to wss://gateway.discord.gg
2020-08-09 17:51:07 | [INFO]    | Shard 0 : Received HELLO
2020-08-09 17:51:08 | [INFO]    | Shard 0 : Received READY
2020-08-09 17:51:40 | [INFO]    | Discordia 2.8.3
2020-08-09 17:51:40 | [INFO]    | Connecting to Discord...
2020-08-09 17:51:40 | [INFO]    | Authenticated as Overwatch Hero Gen#7739
2020-08-09 17:51:40 | [INFO]    | Launching shard 0 (1 out of 1)...
2020-08-09 17:51:40 | [INFO]    | Shard 0 : Connected to wss://gateway.discord.gg
2020-08-09 17:51:40 | [INFO]    | Shard 0 : Received HELLO
2020-08-09 17:51:41 | [INFO]    | Shard 0 : Received READY
2020-08-09 17:52:23 | [INFO]    | Discordia 2.8.3
2020-08-09 17:52:23 | [INFO]    | Connecting to Discord...
2020-08-09 17:52:23 | [INFO]    | Authenticated as Overwatch Hero Gen#7739
2020-08-09 17:52:23 | [INFO]    | Launching shard 0 (1 out of 1)...
2020-08-09 17:52:23 | [INFO]    | Shard 0 : Connected to wss://gateway.discord.gg
2020-08-09 17:52:23 | [INFO]    | Shard 0 : Received HELLO
2020-08-09 17:52:23 | [INFO]    | Shard 0 : Received READY
2020-08-09 17:54:20 | [INFO]    | Discordia 2.8.3
2020-08-09 17:54:20 | [INFO]    | Connecting to Discord...
2020-08-09 17:54:20 | [INFO]    | Authenticated as Overwatch Hero Gen#7739
2020-08-09 17:54:20 | [INFO]    | Launching shard 0 (1 out of 1)...
2020-08-09 17:54:20 | [INFO]    | Shard 0 : Connected to wss://gateway.discord.gg
2020-08-09 17:54:20 | [INFO]    | Shard 0 : Received HELLO
2020-08-09 17:54:20 | [INFO]    | Shard 0 : Received READY
2020-08-09 17:54:45 | [INFO]    | Discordia 2.8.3
2020-08-09 17:54:45 | [INFO]    | Connecting to Discord...
2020-08-09 17:54:45 | [INFO]    | Authenticated as Overwatch Hero Gen#7739
2020-08-09 17:54:45 | [INFO]    | Launching shard 0 (1 out of 1)...
2020-08-09 17:54:45 | [INFO]    | Shard 0 : Connected to wss://gateway.discord.gg
2020-08-09 17:54:45 | [INFO]    | Shard 0 : Received HELLO
2020-08-09 17:54:45 | [INFO]    | Shard 0 : Received READY
2020-08-09 17:58:17 | [INFO]    | Discordia 2.8.3
2020-08-09 17:58:17 | [INFO]    | Connecting to Discord...
2020-08-09 17:58:17 | [INFO]    | Authenticated as Overwatch Hero Gen#7739
2020-08-09 17:58:17 | [INFO]    | Launching shard 0 (1 out of 1)...
2020-08-09 17:58:17 | [INFO]    | Shard 0 : Connected to wss://gateway.discord.gg
2020-08-09 17:58:17 | [INFO]    | Shard 0 : Received HELLO
2020-08-09 17:58:17 | [INFO]    | Shard 0 : Received READY
2020-08-09 17:59:39 | [INFO]    | Discordia 2.8.3
2020-08-09 17:59:39 | [INFO]    | Connecting to Discord...
2020-08-09 17:59:39 | [INFO]    | Authenticated as Overwatch Hero Gen#7739
2020-08-09 17:59:39 | [INFO]    | Launching shard 0 (1 out of 1)...
2020-08-09 17:59:39 | [INFO]    | Shard 0 : Connected to wss://gateway.discord.gg
2020-08-09 17:59:39 | [INFO]    | Shard 0 : Received HELLO
2020-08-09 17:59:39 | [INFO]    | Shard 0 : Received READY
2020-08-09 17:59:42 | [ERROR]   | 400 - Bad Request : POST https://discordapp.com/api/v7/channels/696359593458008075/messages
2020-08-09 18:00:20 | [INFO]    | Discordia 2.8.3
2020-08-09 18:00:20 | [INFO]    | Connecting to Discord...
2020-08-09 18:00:20 | [INFO]    | Authenticated as Overwatch Hero Gen#7739
2020-08-09 18:00:20 | [INFO]    | Launching shard 0 (1 out of 1)...
2020-08-09 18:00:21 | [INFO]    | Shard 0 : Connected to wss://gateway.discord.gg
2020-08-09 18:00:21 | [INFO]    | Shard 0 : Received HELLO
2020-08-09 18:00:21 | [INFO]    | Shard 0 : Received READY
2020-08-09 18:00:25 | [ERROR]   | 400 - Bad Request : POST https://discordapp.com/api/v7/channels/696359593458008075/messages
2020-08-09 18:00:55 | [INFO]    | Discordia 2.8.3
2020-08-09 18:00:55 | [INFO]    | Connecting to Discord...
2020-08-09 18:00:55 | [INFO]    | Authenticated as Overwatch Hero Gen#7739
2020-08-09 18:00:55 | [INFO]    | Launching shard 0 (1 out of 1)...
2020-08-09 18:00:55 | [INFO]    | Shard 0 : Connected to wss://gateway.discord.gg
2020-08-09 18:00:55 | [INFO]    | Shard 0 : Received HELLO
2020-08-09 18:00:55 | [INFO]    | Shard 0 : Received READY
2020-08-09 18:04:03 | [INFO]    | Discordia 2.8.3
2020-08-09 18:04:03 | [INFO]    | Connecting to Discord...
2020-08-09 18:04:04 | [INFO]    | Authenticated as Overwatch Hero Gen#7739
2020-08-09 18:04:04 | [INFO]    | Launching shard 0 (1 out of 1)...
2020-08-09 18:04:04 | [INFO]    | Shard 0 : Connected to wss://gateway.discord.gg
2020-08-09 18:04:04 | [INFO]    | Shard 0 : Received HELLO
2020-08-09 18:04:04 | [INFO]    | Shard 0 : Received READY
2020-08-09 18:04:07 | [ERROR]   | 400 - Bad Request : POST https://discordapp.com/api/v7/channels/696359593458008075/messages
2020-08-09 18:04:08 | [ERROR]   | 400 - Bad Request : POST https://discordapp.com/api/v7/channels/696359593458008075/messages
2020-08-09 18:05:12 | [INFO]    | Discordia 2.8.3
2020-08-09 18:05:12 | [INFO]    | Connecting to Discord...
2020-08-09 18:05:12 | [INFO]    | Authenticated as Overwatch Hero Gen#7739
2020-08-09 18:05:12 | [INFO]    | Launching shard 0 (1 out of 1)...
2020-08-09 18:05:12 | [INFO]    | Shard 0 : Connected to wss://gateway.discord.gg
2020-08-09 18:05:12 | [INFO]    | Shard 0 : Received HELLO
2020-08-09 18:05:12 | [INFO]    | Shard 0 : Received READY
2020-08-09 18:05:15 | [ERROR]   | 400 - Bad Request : POST https://discordapp.com/api/v7/channels/696359593458008075/messages
2020-08-09 18:05:17 | [ERROR]   | 400 - Bad Request : POST https://discordapp.com/api/v7/channels/696359593458008075/messages
2020-08-09 18:07:11 | [INFO]    | Discordia 2.8.3
2020-08-09 18:07:11 | [INFO]    | Connecting to Discord...
2020-08-09 18:07:11 | [INFO]    | Authenticated as Overwatch Hero Gen#7739
2020-08-09 18:07:11 | [INFO]    | Launching shard 0 (1 out of 1)...
2020-08-09 18:07:11 | [INFO]    | Shard 0 : Connected to wss://gateway.discord.gg
2020-08-09 18:07:11 | [INFO]    | Shard 0 : Received HELLO
2020-08-09 18:07:11 | [INFO]    | Shard 0 : Received READY
2020-08-09 18:07:51 | [INFO]    | Discordia 2.8.3
2020-08-09 18:07:51 | [INFO]    | Connecting to Discord...
2020-08-09 18:07:51 | [INFO]    | Authenticated as Overwatch Hero Gen#7739
2020-08-09 18:07:51 | [INFO]    | Launching shard 0 (1 out of 1)...
2020-08-09 18:07:51 | [INFO]    | Shard 0 : Connected to wss://gateway.discord.gg
2020-08-09 18:07:51 | [INFO]    | Shard 0 : Received HELLO
2020-08-09 18:07:51 | [INFO]    | Shard 0 : Received READY
2020-08-09 18:10:13 | [INFO]    | Discordia 2.8.3
2020-08-09 18:10:13 | [INFO]    | Connecting to Discord...
2020-08-09 18:10:13 | [INFO]    | Authenticated as Overwatch Hero Gen#7739
2020-08-09 18:10:13 | [INFO]    | Launching shard 0 (1 out of 1)...
2020-08-09 18:10:14 | [INFO]    | Shard 0 : Connected to wss://gateway.discord.gg
2020-08-09 18:10:14 | [INFO]    | Shard 0 : Received HELLO
2020-08-09 18:10:14 | [INFO]    | Shard 0 : Received READY
2020-08-09 18:13:28 | [INFO]    | Discordia 2.8.3
2020-08-09 18:13:28 | [INFO]    | Connecting to Discord...
2020-08-09 18:13:28 | [INFO]    | Authenticated as Overwatch Hero Gen#7739
2020-08-09 18:13:28 | [INFO]    | Launching shard 0 (1 out of 1)...
2020-08-09 18:13:28 | [INFO]    | Shard 0 : Connected to wss://gateway.discord.gg
2020-08-09 18:13:28 | [INFO]    | Shard 0 : Received HELLO
2020-08-09 18:13:28 | [INFO]    | Shard 0 : Received READY
2020-08-09 18:15:11 | [INFO]    | Discordia 2.8.3
2020-08-09 18:15:11 | [INFO]    | Connecting to Discord...
2020-08-09 18:15:11 | [INFO]    | Authenticated as Overwatch Hero Gen#7739
2020-08-09 18:15:11 | [INFO]    | Launching shard 0 (1 out of 1)...
2020-08-09 18:15:11 | [INFO]    | Shard 0 : Connected to wss://gateway.discord.gg
2020-08-09 18:15:11 | [INFO]    | Shard 0 : Received HELLO
2020-08-09 18:15:11 | [INFO]    | Shard 0 : Received READY
2020-08-09 18:18:45 | [INFO]    | Discordia 2.8.3
2020-08-09 18:18:45 | [INFO]    | Connecting to Discord...
2020-08-09 18:18:45 | [INFO]    | Authenticated as Overwatch Hero Gen#7739
2020-08-09 18:18:45 | [INFO]    | Launching shard 0 (1 out of 1)...
2020-08-09 18:18:45 | [INFO]    | Shard 0 : Connected to wss://gateway.discord.gg
2020-08-09 18:18:45 | [INFO]    | Shard 0 : Received HELLO
2020-08-09 18:18:45 | [INFO]    | Shard 0 : Received READY
